[2025-04-15T18:26:09.046+0200] {local_task_job_runner.py:123} INFO - ::group::Pre task execution logs
[2025-04-15T18:26:09.059+0200] {taskinstance.py:2614} INFO - Dependencies all met for dep_context=non-requeueable deps ti=<TaskInstance: dbt_snowflake_pipeline.dbt_tasks.dbt_run manual__2025-04-15T16:15:18.938296+00:00 [queued]>
[2025-04-15T18:26:09.065+0200] {taskinstance.py:2614} INFO - Dependencies all met for dep_context=requeueable deps ti=<TaskInstance: dbt_snowflake_pipeline.dbt_tasks.dbt_run manual__2025-04-15T16:15:18.938296+00:00 [queued]>
[2025-04-15T18:26:09.066+0200] {taskinstance.py:2867} INFO - Starting attempt 2 of 2
[2025-04-15T18:26:09.078+0200] {taskinstance.py:2890} INFO - Executing <Task(BashOperator): dbt_tasks.dbt_run> on 2025-04-15 16:15:18.938296+00:00
[2025-04-15T18:26:09.084+0200] {standard_task_runner.py:72} INFO - Started process 39817 to run task
[2025-04-15T18:26:09.090+0200] {standard_task_runner.py:104} INFO - Running: ['airflow', 'tasks', 'run', 'dbt_snowflake_pipeline', 'dbt_tasks.dbt_run', 'manual__2025-04-15T16:15:18.938296+00:00', '--job-id', '42', '--raw', '--subdir', 'DAGS_FOLDER/dbt_snowflke_airflow.py', '--cfg-path', '/var/folders/gn/cr4yj18d1tv34pkws9v_kq1r0000gn/T/tmp8amodien']
[2025-04-15T18:26:09.092+0200] {standard_task_runner.py:105} INFO - Job 42: Subtask dbt_tasks.dbt_run
[2025-04-15T18:26:09.139+0200] {task_command.py:467} INFO - Running <TaskInstance: dbt_snowflake_pipeline.dbt_tasks.dbt_run manual__2025-04-15T16:15:18.938296+00:00 [running]> on host macbook-pro-de-user.local
[2025-04-15T18:26:09.193+0200] {taskinstance.py:3134} INFO - Exporting env vars: AIRFLOW_CTX_DAG_OWNER='airflow' AIRFLOW_CTX_DAG_ID='dbt_snowflake_pipeline' AIRFLOW_CTX_TASK_ID='dbt_tasks.dbt_run' AIRFLOW_CTX_EXECUTION_DATE='2025-04-15T16:15:18.938296+00:00' AIRFLOW_CTX_TRY_NUMBER='2' AIRFLOW_CTX_DAG_RUN_ID='manual__2025-04-15T16:15:18.938296+00:00'
[2025-04-15T18:26:09.195+0200] {logging_mixin.py:190} INFO - Task instance is in running state
[2025-04-15T18:26:09.196+0200] {logging_mixin.py:190} INFO -  Previous state of the Task instance: queued
[2025-04-15T18:26:09.197+0200] {logging_mixin.py:190} INFO - Current task name:dbt_tasks.dbt_run state:running start_date:2025-04-15 16:26:09.059781+00:00
[2025-04-15T18:26:09.198+0200] {logging_mixin.py:190} INFO - Dag name:dbt_snowflake_pipeline and current dag run status:running
[2025-04-15T18:26:09.199+0200] {taskinstance.py:732} INFO - ::endgroup::
[2025-04-15T18:26:09.201+0200] {subprocess.py:78} INFO - Tmp dir root location: /var/folders/gn/cr4yj18d1tv34pkws9v_kq1r0000gn/T
[2025-04-15T18:26:09.202+0200] {subprocess.py:88} INFO - Running command: ['/bin/bash', '-c', '/Users/user/Documents/learningProg/dataengineering/de_dbt_snowflake_airflow/airflow-env/bin/dbt run --project-dir /Users/user/Documents/learningProg/dataengineering/de_dbt_snowflake_airflow/snowflake --select airflow']
[2025-04-15T18:26:09.209+0200] {subprocess.py:99} INFO - Output:
[2025-04-15T18:26:12.008+0200] {subprocess.py:106} INFO - [0m16:26:12  Running with dbt=1.9.4
[2025-04-15T18:26:13.160+0200] {subprocess.py:106} INFO - [0m16:26:13  Registered adapter: snowflake=1.9.2
[2025-04-15T18:26:13.820+0200] {subprocess.py:106} INFO - [0m16:26:13  [[33mWARNING[0m]: Configuration paths exist in your dbt_project.yml file which do not apply to any resources.
[2025-04-15T18:26:13.833+0200] {subprocess.py:106} INFO - There are 1 unused configuration paths:
[2025-04-15T18:26:13.834+0200] {subprocess.py:106} INFO - - models.snowflake.example
[2025-04-15T18:26:14.272+0200] {subprocess.py:106} INFO - [0m16:26:14  Found 1 model, 2 data tests, 2 sources, 474 macros
[2025-04-15T18:26:14.285+0200] {subprocess.py:106} INFO - [0m16:26:14
[2025-04-15T18:26:14.316+0200] {subprocess.py:106} INFO - [0m16:26:14  Concurrency: 1 threads (target='dev')
[2025-04-15T18:26:14.318+0200] {subprocess.py:106} INFO - [0m16:26:14
[2025-04-15T18:26:15.532+0200] {subprocess.py:106} INFO - [0m16:26:15  1 of 1 START sql table model base.orders_by_status ............................. [RUN]
[2025-04-15T18:26:16.840+0200] {subprocess.py:106} INFO - [0m16:26:16  1 of 1 OK created sql table model base.orders_by_status ........................ [[32mSUCCESS 1[0m in 1.28s]
[2025-04-15T18:26:16.989+0200] {subprocess.py:106} INFO - [0m16:26:16
[2025-04-15T18:26:17.008+0200] {subprocess.py:106} INFO - [0m16:26:16  Finished running 1 table model in 0 hours 0 minutes and 2.67 seconds (2.67s).
[2025-04-15T18:26:17.291+0200] {subprocess.py:106} INFO - [0m16:26:17
[2025-04-15T18:26:17.311+0200] {subprocess.py:106} INFO - [0m16:26:17  [32mCompleted successfully[0m
[2025-04-15T18:26:17.330+0200] {subprocess.py:106} INFO - [0m16:26:17
[2025-04-15T18:26:17.350+0200] {subprocess.py:106} INFO - [0m16:26:17  Done. PASS=1 WARN=0 ERROR=0 SKIP=0 TOTAL=1
[2025-04-15T18:26:18.229+0200] {subprocess.py:110} INFO - Command exited with return code 0
[2025-04-15T18:26:18.320+0200] {taskinstance.py:341} INFO - ::group::Post task execution logs
[2025-04-15T18:26:18.330+0200] {taskinstance.py:353} INFO - Marking task as SUCCESS. dag_id=dbt_snowflake_pipeline, task_id=dbt_tasks.dbt_run, run_id=manual__2025-04-15T16:15:18.938296+00:00, execution_date=20250415T161518, start_date=20250415T162609, end_date=20250415T162618
[2025-04-15T18:26:18.431+0200] {logging_mixin.py:190} INFO - Task instance in success state
[2025-04-15T18:26:18.448+0200] {logging_mixin.py:190} INFO -  Previous state of the Task instance: running
[2025-04-15T18:26:18.450+0200] {logging_mixin.py:190} INFO - Dag name:dbt_snowflake_pipeline queued_at:2025-04-15 16:15:18.990957+00:00
[2025-04-15T18:26:18.468+0200] {logging_mixin.py:190} INFO - Task hostname:macbook-pro-de-user.local operator:BashOperator
[2025-04-15T18:26:18.511+0200] {local_task_job_runner.py:266} INFO - Task exited with return code 0
[2025-04-15T18:26:18.553+0200] {taskinstance.py:3901} INFO - 1 downstream tasks scheduled from follow-on schedule check
[2025-04-15T18:26:18.555+0200] {local_task_job_runner.py:245} INFO - ::endgroup::
