[2025-04-15T18:25:36.772+0200] {local_task_job_runner.py:123} INFO - ::group::Pre task execution logs
[2025-04-15T18:25:36.788+0200] {taskinstance.py:2614} INFO - Dependencies all met for dep_context=non-requeueable deps ti=<TaskInstance: dbt_snowflake_pipeline.dbt_tasks.dbt_run manual__2025-04-15T16:20:02.473096+00:00 [queued]>
[2025-04-15T18:25:36.794+0200] {taskinstance.py:2614} INFO - Dependencies all met for dep_context=requeueable deps ti=<TaskInstance: dbt_snowflake_pipeline.dbt_tasks.dbt_run manual__2025-04-15T16:20:02.473096+00:00 [queued]>
[2025-04-15T18:25:36.795+0200] {taskinstance.py:2867} INFO - Starting attempt 2 of 2
[2025-04-15T18:25:36.807+0200] {taskinstance.py:2890} INFO - Executing <Task(BashOperator): dbt_tasks.dbt_run> on 2025-04-15 16:20:02.473096+00:00
[2025-04-15T18:25:36.813+0200] {standard_task_runner.py:72} INFO - Started process 39223 to run task
[2025-04-15T18:25:36.821+0200] {standard_task_runner.py:104} INFO - Running: ['airflow', 'tasks', 'run', 'dbt_snowflake_pipeline', 'dbt_tasks.dbt_run', 'manual__2025-04-15T16:20:02.473096+00:00', '--job-id', '40', '--raw', '--subdir', 'DAGS_FOLDER/dbt_snowflke_airflow.py', '--cfg-path', '/var/folders/gn/cr4yj18d1tv34pkws9v_kq1r0000gn/T/tmp77r6qtkf']
[2025-04-15T18:25:36.823+0200] {standard_task_runner.py:105} INFO - Job 40: Subtask dbt_tasks.dbt_run
[2025-04-15T18:25:36.870+0200] {task_command.py:467} INFO - Running <TaskInstance: dbt_snowflake_pipeline.dbt_tasks.dbt_run manual__2025-04-15T16:20:02.473096+00:00 [running]> on host macbook-pro-de-user.local
[2025-04-15T18:25:36.920+0200] {taskinstance.py:3134} INFO - Exporting env vars: AIRFLOW_CTX_DAG_OWNER='airflow' AIRFLOW_CTX_DAG_ID='dbt_snowflake_pipeline' AIRFLOW_CTX_TASK_ID='dbt_tasks.dbt_run' AIRFLOW_CTX_EXECUTION_DATE='2025-04-15T16:20:02.473096+00:00' AIRFLOW_CTX_TRY_NUMBER='2' AIRFLOW_CTX_DAG_RUN_ID='manual__2025-04-15T16:20:02.473096+00:00'
[2025-04-15T18:25:36.922+0200] {logging_mixin.py:190} INFO - Task instance is in running state
[2025-04-15T18:25:36.923+0200] {logging_mixin.py:190} INFO -  Previous state of the Task instance: queued
[2025-04-15T18:25:36.923+0200] {logging_mixin.py:190} INFO - Current task name:dbt_tasks.dbt_run state:running start_date:2025-04-15 16:25:36.788621+00:00
[2025-04-15T18:25:36.924+0200] {logging_mixin.py:190} INFO - Dag name:dbt_snowflake_pipeline and current dag run status:running
[2025-04-15T18:25:36.924+0200] {taskinstance.py:732} INFO - ::endgroup::
[2025-04-15T18:25:36.926+0200] {subprocess.py:78} INFO - Tmp dir root location: /var/folders/gn/cr4yj18d1tv34pkws9v_kq1r0000gn/T
[2025-04-15T18:25:36.927+0200] {subprocess.py:88} INFO - Running command: ['/bin/bash', '-c', '/Users/user/Documents/learningProg/dataengineering/de_dbt_snowflake_airflow/airflow-env/bin/dbt run --project-dir /Users/user/Documents/learningProg/dataengineering/de_dbt_snowflake_airflow/snowflake --select airflow']
[2025-04-15T18:25:36.933+0200] {subprocess.py:99} INFO - Output:
[2025-04-15T18:25:39.515+0200] {subprocess.py:106} INFO - [0m16:25:39  Running with dbt=1.9.4
[2025-04-15T18:25:40.821+0200] {subprocess.py:106} INFO - [0m16:25:40  Registered adapter: snowflake=1.9.2
[2025-04-15T18:25:41.388+0200] {subprocess.py:106} INFO - [0m16:25:41  [[33mWARNING[0m]: Configuration paths exist in your dbt_project.yml file which do not apply to any resources.
[2025-04-15T18:25:41.389+0200] {subprocess.py:106} INFO - There are 1 unused configuration paths:
[2025-04-15T18:25:41.390+0200] {subprocess.py:106} INFO - - models.snowflake.example
[2025-04-15T18:25:41.675+0200] {subprocess.py:106} INFO - [0m16:25:41  Found 1 model, 2 data tests, 2 sources, 474 macros
[2025-04-15T18:25:41.678+0200] {subprocess.py:106} INFO - [0m16:25:41
[2025-04-15T18:25:41.679+0200] {subprocess.py:106} INFO - [0m16:25:41  Concurrency: 1 threads (target='dev')
[2025-04-15T18:25:41.680+0200] {subprocess.py:106} INFO - [0m16:25:41
[2025-04-15T18:25:42.640+0200] {subprocess.py:106} INFO - [0m16:25:42  1 of 1 START sql table model base.orders_by_status ............................. [RUN]
[2025-04-15T18:25:43.385+0200] {subprocess.py:106} INFO - [0m16:25:43  1 of 1 OK created sql table model base.orders_by_status ........................ [[32mSUCCESS 1[0m in 0.74s]
[2025-04-15T18:25:43.437+0200] {subprocess.py:106} INFO - [0m16:25:43
[2025-04-15T18:25:43.438+0200] {subprocess.py:106} INFO - [0m16:25:43  Finished running 1 table model in 0 hours 0 minutes and 1.76 seconds (1.76s).
[2025-04-15T18:25:43.478+0200] {subprocess.py:106} INFO - [0m16:25:43
[2025-04-15T18:25:43.481+0200] {subprocess.py:106} INFO - [0m16:25:43  [32mCompleted successfully[0m
[2025-04-15T18:25:43.482+0200] {subprocess.py:106} INFO - [0m16:25:43
[2025-04-15T18:25:43.482+0200] {subprocess.py:106} INFO - [0m16:25:43  Done. PASS=1 WARN=0 ERROR=0 SKIP=0 TOTAL=1
[2025-04-15T18:25:44.241+0200] {subprocess.py:110} INFO - Command exited with return code 0
[2025-04-15T18:25:44.261+0200] {taskinstance.py:341} INFO - ::group::Post task execution logs
[2025-04-15T18:25:44.263+0200] {taskinstance.py:353} INFO - Marking task as SUCCESS. dag_id=dbt_snowflake_pipeline, task_id=dbt_tasks.dbt_run, run_id=manual__2025-04-15T16:20:02.473096+00:00, execution_date=20250415T162002, start_date=20250415T162536, end_date=20250415T162544
[2025-04-15T18:25:44.280+0200] {logging_mixin.py:190} INFO - Task instance in success state
[2025-04-15T18:25:44.281+0200] {logging_mixin.py:190} INFO -  Previous state of the Task instance: running
[2025-04-15T18:25:44.282+0200] {logging_mixin.py:190} INFO - Dag name:dbt_snowflake_pipeline queued_at:2025-04-15 16:20:02.530715+00:00
[2025-04-15T18:25:44.282+0200] {logging_mixin.py:190} INFO - Task hostname:macbook-pro-de-user.local operator:BashOperator
[2025-04-15T18:25:44.310+0200] {local_task_job_runner.py:266} INFO - Task exited with return code 0
[2025-04-15T18:25:44.345+0200] {taskinstance.py:3901} INFO - 1 downstream tasks scheduled from follow-on schedule check
[2025-04-15T18:25:44.347+0200] {local_task_job_runner.py:245} INFO - ::endgroup::
